[2023-06-13 01:05:31] - User: test - User is login.
[2023-06-13 01:06:53] - User:  - User is registered.
[2023-06-13 01:17:57] - User:  - User is registered.
[2023-06-13 04:11:23] - User: johndoe - User is login.
[2023-06-13 04:16:15] - User: johndoe - User is login.
[2023-06-13 04:29:57] - User: johndoe - User is login.
[2023-06-13 04:44:29] - User: johndoe - User is login.
[2023-06-13 04:52:45] - User: johndoe - User is login.
[2023-06-13 05:16:07] - User: johndoe - User is login.
[2023-06-13 05:19:37] - User: johndoe - User is login.
[2023-06-13 06:30:21] - User: johndoe - User is login.
[2023-06-13 06:41:19] - User: johndoe - User requested a book.
[2023-06-13 08:28:06] - User: test - User is login.
[2023-06-13 08:28:48] - User: test - User requested a book.
[2023-06-13 08:28:52] - User: test - User returned a book.
[2023-06-13 08:30:32] - User:  - User is registered.
[2023-06-13 08:33:11] - User: test - User is login.
[2023-06-13 09:02:27] - User:  - User is registered.
[2023-06-13 09:03:02] - User: muratileri - User is login.
[2023-06-13 09:03:20] - User: muratileri - User is login.
[2023-06-13 09:03:55] - User: muratileri - User requested a book.
[2023-06-13 09:04:01] - User: muratileri - User requested a book.
[2023-06-13 09:04:06] - User: muratileri - User requested a book.
[2023-06-13 09:04:13] - User: muratileri - User requested a book.
[2023-06-13 09:05:00] - User: muratileri - User returned a book.
